Budew Дух из команды желтых вступает в бой!
Marowak Они из команды черных вступает в бой!
Budew Дух использовал доверие. 
Marowak Они уменьшает атаку.
Marowak Они уменьшает специальную атаку.

Marowak Они использовал двойную команду. 
Marowak Они увеличивает уклоняемость.

Budew Дух промахивается

Marowak Они использовал каменный край. 
Budew Дух теряет 7 здоровья.

Budew Дух борется с соперником. 
Marowak Они теряет 4 здоровья.
Budew Дух теряет 1 здоровья.

Marowak Они использовал каменный край. 
Budew Дух теряет 8 здоровья.
Budew Дух теряет сознание.
Roselia Банши из команды желтых вступает в бой!
Roselia Банши борется с соперником. 
Marowak Они теряет 3 здоровья.
Roselia Банши теряет 1 здоровья.

Marowak Они использовал двойную команду. 
Marowak Они увеличивает уклоняемость.

Roselia Банши борется с соперником. 
Marowak Они теряет 5 здоровья.
Roselia Банши теряет 1 здоровья.

Marowak Они использовал двойную команду. 
Marowak Они увеличивает уклоняемость.

Roselia Банши использовал доверие. 
Marowak Они уменьшает атаку.
Marowak Они уменьшает специальную атаку.

Marowak Они использовал каменный край. 
Roselia Банши восстанавливает 1 здоровья.

Roselia Банши использовал атаку зарядами. 
Roselia Банши использовал атаку зарядами. 
Marowak Они теряет 5 здоровья.
Marowak Они теряет 3 здоровья.
Marowak Они теряет сознание.
Cubone Демон из команды черных вступает в бой!
Roselia Банши борется с соперником. 
Cubone Демон теряет 5 здоровья.
Roselia Банши теряет 1 здоровья.

Cubone Демон использовал танец меча. 
Cubone Демон увеличивает атаку.

Roselia Банши перешел в режим отдыха. 
Roselia Банши засыпает
Roselia Банши восстанавливает 30 здоровья.
Roselia Банши увеличивает специальную атаку.

Cubone Демон использовал танец меча. 
Cubone Демон увеличивает атаку.

Roselia Банши использовал доверие. 
Cubone Демон уменьшает атаку.
Cubone Демон уменьшает специальную атаку.

Cubone Демон использовал танец меча. 
Cubone Демон увеличивает атаку.

Roselia Банши перешел в режим отдыха. 
Roselia Банши засыпает
Roselia Банши увеличивает специальную атаку.

Cubone Демон использовал танец меча. 
Cubone Демон увеличивает атаку.

Roselia Банши использовал атаку зарядами. 
Roselia Банши использовал атаку зарядами. 
Cubone Демон теряет 4 здоровья.
Cubone Демон теряет 3 здоровья.

Cubone Демон использовал рычание. 
Roselia Банши уменьшает атаку.

Roselia Банши использовал атаку зарядами. 
Cubone Демон теряет 3 здоровья.
Cubone Демон теряет сознание.
Confey Тень из команды черных вступает в бой!
Confey Тень использовал опустошающий поцелуй. 
Roselia Банши теряет 6 здоровья.
Confey Тень восстанавливает 6 здоровья.

Roselia Банши борется с соперником. 
Confey Тень теряет 4 здоровья.
Roselia Банши теряет 1 здоровья.

Confey Тень использовал опустошающий поцелуй. 
Roselia Банши теряет 6 здоровья.
Confey Тень восстанавливает 6 здоровья.

Roselia Банши использовал атаку зарядами. 
Confey Тень теряет 2 здоровья.

Confey Тень использовал ослепительный блеск. 
Roselia Банши теряет 9 здоровья.

Roselia Банши борется с соперником. 
Confey Тень теряет 5 здоровья.
Roselia Банши теряет 1 здоровья.

Confey Тень использовал доверие. 
Roselia Банши уменьшает атаку.
Roselia Банши уменьшает специальную атаку.

Roselia Банши использовал доверие. 
Confey Тень уменьшает атаку.
Confey Тень уменьшает специальную атаку.

Confey Тень вырос. 
Confey Тень увеличивает атаку.
Confey Тень увеличивает специальную атаку.

Roselia Банши использовал доверие. 
Confey Тень уменьшает атаку.
Confey Тень уменьшает специальную атаку.

Confey Тень использовал доверие. 
Roselia Банши уменьшает атаку.
Roselia Банши уменьшает специальную атаку.

Roselia Банши использовал атаку зарядами. 
Confey Тень теряет 2 здоровья.

Confey Тень использовал опустошающий поцелуй. 
Roselia Банши теряет 6 здоровья.
Confey Тень восстанавливает 6 здоровья.

Roselia Банши борется с соперником. 
Confey Тень теряет 3 здоровья.
Roselia Банши теряет 1 здоровья.

Confey Тень использовал ослепительный блеск. 
Roselia Банши теряет 7 здоровья.

Roselia Банши перешел в режим отдыха. 
Roselia Банши засыпает
Roselia Банши восстанавливает 37 здоровья.
Roselia Банши увеличивает специальную атаку.

Confey Тень использовал доверие. 
Roselia Банши уменьшает атаку.
Roselia Банши уменьшает специальную атаку.

Roselia Банши борется с соперником. 
Confey Тень теряет 4 здоровья.
Roselia Банши теряет 1 здоровья.

Confey Тень вырос. 
Confey Тень увеличивает атаку.
Confey Тень увеличивает специальную атаку.

Roselia Банши перешел в режим отдыха. 
Roselia Банши засыпает
Roselia Банши восстанавливает 1 здоровья.
Roselia Банши увеличивает специальную атаку.

Confey Тень вырос. 
Confey Тень увеличивает атаку.
Confey Тень увеличивает специальную атаку.

Roselia Банши использовал атаку зарядами. 
Roselia Банши использовал атаку зарядами. 
Confey Тень теряет 2 здоровья.
Confey Тень теряет 2 здоровья.

Confey Тень вырос. 
Confey Тень увеличивает атаку.
Confey Тень увеличивает специальную атаку.

Roselia Банши перешел в режим отдыха. 
Roselia Банши засыпает
Roselia Банши увеличивает специальную атаку.

Confey Тень использовал опустошающий поцелуй. 
Roselia Банши теряет 6 здоровья.
Confey Тень восстанавливает 6 здоровья.

Roselia Банши борется с соперником. 
Confey Тень теряет 3 здоровья.
Roselia Банши теряет 1 здоровья.

Confey Тень использовал доверие. 
Roselia Банши уменьшает атаку.
Roselia Банши уменьшает специальную атаку.

Roselia Банши использовал доверие. 
Confey Тень уменьшает атаку.
Confey Тень уменьшает специальную атаку.

Confey Тень вырос. 
Confey Тень увеличивает атаку.
Confey Тень увеличивает специальную атаку.

Roselia Банши использовал атаку зарядами. 
Confey Тень теряет 1 здоровья.

Confey Тень использовал ослепительный блеск. 
Roselia Банши теряет 6 здоровья.

Roselia Банши использовал атаку зарядами. 
Критический удар!
Confey Тень теряет 4 здоровья.

Confey Тень вырос. 
Confey Тень увеличивает атаку.
Confey Тень увеличивает специальную атаку.

Roselia Банши использовал атаку зарядами. 
Confey Тень теряет 1 здоровья.

Confey Тень вырос. 
Confey Тень увеличивает атаку.
Confey Тень увеличивает специальную атаку.

Roselia Банши использовал атаку зарядами. 
Roselia Банши использовал атаку зарядами. 
Confey Тень теряет 1 здоровья.
Confey Тень теряет 1 здоровья.

Confey Тень вырос. 
Confey Тень увеличивает атаку.
Confey Тень увеличивает специальную атаку.

Roselia Банши использовал доверие. 
Confey Тень уменьшает атаку.
Confey Тень уменьшает специальную атаку.

Confey Тень использовал опустошающий поцелуй. 
Roselia Банши теряет 6 здоровья.
Confey Тень восстанавливает 6 здоровья.

Roselia Банши использовал атаку зарядами. 
Confey Тень теряет 2 здоровья.

Confey Тень вырос. 
Confey Тень увеличивает атаку.
Confey Тень увеличивает специальную атаку.

Roselia Банши использовал доверие. 
Confey Тень уменьшает атаку.
Confey Тень уменьшает специальную атаку.

Confey Тень вырос. 
Confey Тень увеличивает атаку.
Confey Тень увеличивает специальную атаку.

Roselia Банши борется с соперником. 
Confey Тень теряет 4 здоровья.
Roselia Банши теряет 1 здоровья.

Confey Тень вырос. 
Confey Тень увеличивает атаку.
Confey Тень увеличивает специальную атаку.

Roselia Банши перешел в режим отдыха. 
Roselia Банши засыпает
Roselia Банши восстанавливает 20 здоровья.
Roselia Банши увеличивает специальную атаку.

Confey Тень использовал доверие. 
Roselia Банши уменьшает атаку.
Roselia Банши уменьшает специальную атаку.

Roselia Банши борется с соперником. 
Confey Тень теряет 3 здоровья.
Roselia Банши теряет 1 здоровья.
Confey Тень теряет сознание.
В команде черных не осталось покемонов.
Команда желтых побеждает в этом бою!
